<?xml version="1.0" encoding="UTF-8"?>
<!-- Generated by org.testng.reporters.JUnitXMLReporter -->
<testsuite ignored="0" hostname="DESKTOP-E3ICKMR" failures="0" tests="5" name="Default test" time="14.265" errors="0" timestamp="2024-08-28T01:22:15 IST">
  <testcase classname="com.api.tests.PatientApiTests" name="testNameDateOfBirthAndAddressShouldBeNonEmptyStrings" time="6.233"/>
  <testcase classname="com.api.tests.PatientApiTests" name="testPatientIdIsNonEmptyString" time="1.892"/>
  <testcase classname="com.api.tests.PatientApiTests" name="testResponseHasRequiredFields" time="1.804"/>
  <testcase classname="com.api.tests.PatientApiTests" name="testResponseStatusCodeIs200" time="1.686"/>
  <testcase classname="com.api.tests.PatientApiTests" name="testVerifyResponseForMissingRequiredQueryParameter" time="1.829"/>
</testsuite> <!-- Default test -->
