<?xml version="1.0" encoding="UTF-8"?>
<testng-results ignored="0" total="5" passed="5" failed="0" skipped="0">
  <reporter-output>
  </reporter-output>
  <suite started-at="2024-08-28T01:22:00 IST" name="Default suite" finished-at="2024-08-28T01:22:15 IST" duration-ms="14265">
    <groups>
    </groups>
    <test started-at="2024-08-28T01:22:00 IST" name="Default test" finished-at="2024-08-28T01:22:15 IST" duration-ms="14265">
      <class name="com.api.tests.PatientApiTests">
        <test-method is-config="true" signature="setup()[pri:0, instance:com.api.tests.PatientApiTests@71def8f8]" started-at="2024-08-28T01:22:00 IST" name="setup" finished-at="2024-08-28T01:22:01 IST" duration-ms="751" status="PASS">
          <reporter-output>
          </reporter-output>
        </test-method> <!-- setup -->
        <test-method signature="testNameDateOfBirthAndAddressShouldBeNonEmptyStrings()[pri:0, instance:com.api.tests.PatientApiTests@71def8f8]" started-at="2024-08-28T01:22:01 IST" name="testNameDateOfBirthAndAddressShouldBeNonEmptyStrings" finished-at="2024-08-28T01:22:07 IST" duration-ms="6233" status="PASS">
          <reporter-output>
          </reporter-output>
        </test-method> <!-- testNameDateOfBirthAndAddressShouldBeNonEmptyStrings -->
        <test-method signature="testPatientIdIsNonEmptyString()[pri:0, instance:com.api.tests.PatientApiTests@71def8f8]" started-at="2024-08-28T01:22:07 IST" name="testPatientIdIsNonEmptyString" finished-at="2024-08-28T01:22:09 IST" duration-ms="1892" status="PASS">
          <reporter-output>
          </reporter-output>
        </test-method> <!-- testPatientIdIsNonEmptyString -->
        <test-method signature="testResponseHasRequiredFields()[pri:0, instance:com.api.tests.PatientApiTests@71def8f8]" started-at="2024-08-28T01:22:09 IST" name="testResponseHasRequiredFields" finished-at="2024-08-28T01:22:11 IST" duration-ms="1804" status="PASS">
          <reporter-output>
          </reporter-output>
        </test-method> <!-- testResponseHasRequiredFields -->
        <test-method signature="testResponseStatusCodeIs200()[pri:0, instance:com.api.tests.PatientApiTests@71def8f8]" started-at="2024-08-28T01:22:11 IST" name="testResponseStatusCodeIs200" finished-at="2024-08-28T01:22:13 IST" duration-ms="1686" status="PASS">
          <reporter-output>
          </reporter-output>
        </test-method> <!-- testResponseStatusCodeIs200 -->
        <test-method signature="testVerifyResponseForMissingRequiredQueryParameter()[pri:0, instance:com.api.tests.PatientApiTests@71def8f8]" started-at="2024-08-28T01:22:13 IST" name="testVerifyResponseForMissingRequiredQueryParameter" finished-at="2024-08-28T01:22:15 IST" duration-ms="1829" status="PASS">
          <reporter-output>
          </reporter-output>
        </test-method> <!-- testVerifyResponseForMissingRequiredQueryParameter -->
      </class> <!-- com.api.tests.PatientApiTests -->
    </test> <!-- Default test -->
  </suite> <!-- Default suite -->
</testng-results>
